     0.000    11.304435
     0.100    10.918941
     0.200    10.547634
     0.300    10.153761
     0.400     9.805520
     0.500     9.450737
     0.600     9.123726
     0.700     8.820631
     0.800     8.519868
     0.900     8.249963
     1.000     7.826894
     1.250     7.274150
     1.500     6.575133
     2.000     5.568588
     3.000     4.594120
     4.000     3.849849
     5.000     3.196771
     6.000     2.664888
     7.000     2.258066
     8.000     1.983629
     9.000     1.786703
    10.000     1.637066
    11.000     1.520942
    12.000     1.425768
    13.000     1.348481
    14.000     1.285372
    15.000     1.236044
    16.000     1.192990
    17.000     1.157752
    18.000     1.125234
    19.000     1.097380
    20.000     1.072982
