699.99096680 1.353637e-02 -3.540004e-03
700.16833496 2.569228e-02 -4.007977e-03
700.75787354 1.672392e-02 -3.634911e-03
700.97991943 2.696312e-02 -3.990338e-03
701.67675781 2.805011e-02 -3.974034e-03
701.82250977 1.673133e-02 -3.597827e-03
702.29602051 2.902164e-02 -3.960193e-03
702.67913818 1.726354e-02 -3.551985e-03
702.97613525 1.430782e-02 -3.447186e-03
703.27001953 3.092784e-02 -3.948200e-03
703.91815186 1.537232e-02 -3.457687e-03
704.00244141 3.268650e-02 -3.942984e-03
704.67095947 3.281596e-02 -3.907223e-03
705.12841797 3.370559e-02 -3.900977e-03
705.43701172 1.826260e-02 -3.493807e-03
706.21594238 3.624394e-02 -3.894771e-03
706.34155273 2.608371e-02 -3.658865e-03
707.06536865 3.611291e-02 -3.849209e-03
707.64825439 3.768335e-02 -3.848439e-03
708.12670898 3.817484e-02 -3.838026e-03
709.15679932 4.015842e-02 -3.819827e-03
709.77758789 4.086728e-02 -3.801939e-03
710.79565430 4.292152e-02 -3.788943e-03
711.40161133 4.492223e-02 -3.787332e-03
711.74822998 3.433662e-02 -3.585322e-03
712.15441895 4.742093e-02 -3.785002e-03
713.13781738 4.811982e-02 -3.754288e-03
713.40972900 4.842697e-02 -3.740635e-03
714.15661621 4.985995e-02 -3.729038e-03
714.91101074 5.192660e-02 -3.722394e-03
714.97113037 3.611295e-02 -3.527882e-03
715.57525635 3.802283e-02 -3.506587e-03
716.21502686 5.467628e-02 -3.703031e-03
716.40667725 2.126608e-02 -3.217305e-03
716.71026611 4.993036e-02 -3.637709e-03
717.11785889 4.672591e-02 -3.597418e-03
717.45935059 9.043583e-03 -2.859056e-03
718.11407471 4.665064e-02 -3.563375e-03
718.36962891 2.964488e-03 -2.418111e-03
718.68041992 1.380155e-02 -3.020739e-03
718.83251953 1.992652e-03 -1.862823e-03
719.05230713 4.987797e-02 -3.557288e-03
719.45007324 6.747760e-03 -2.689552e-03
719.49969482 4.578586e-02 -3.502600e-03
720.24859619 1.982657e-03 -1.853586e-03
720.43121338 4.865025e-02 -3.498998e-03
720.86383057 1.247080e-02 -2.909754e-03
721.16772461 2.660406e-02 -3.182173e-03
721.54956055 6.151817e-02 -3.571499e-03
721.99700928 2.366407e-02 -3.057510e-03
722.47503662 6.322375e-02 -3.555947e-03
722.57647705 1.842827e-02 -3.011913e-03
723.20483398 6.480957e-02 -3.536878e-03
723.35400391 6.316391e-02 -3.525986e-03
723.62115479 3.056725e-02 -3.183433e-03
723.80895996 2.196660e-03 -2.028070e-03
724.23992920 1.927814e-02 -2.990453e-03
724.54888916 1.939026e-03 -1.812884e-03
724.69775391 6.126279e-02 -3.468754e-03
725.12365723 6.352160e-02 -3.475991e-03
725.21661377 8.729473e-03 -2.640560e-03
726.33935547 1.929533e-02 -2.871913e-03
726.46917725 6.776411e-02 -3.462237e-03
726.49249268 1.422678e-02 -2.766333e-03
726.56951904 6.909793e-02 -3.466932e-03
727.83599854 6.951066e-03 -2.542309e-03
728.06091309 6.531594e-02 -3.401997e-03
728.30230713 3.554842e-02 -3.076309e-03
728.49346924 7.830947e-02 -3.458832e-03
729.30419922 1.436685e-02 -2.726438e-03
729.35919189 6.828711e-02 -3.383962e-03
730.17724609 2.381187e-02 -2.870006e-03
730.24169922 7.985579e-02 -3.423351e-03
730.75122070 7.683631e-02 -3.390832e-03
731.21728516 1.736792e-02 -2.726630e-03
731.29528809 2.011064e-02 -2.799377e-03
731.64416504 7.858568e-02 -3.375606e-03
732.28399658 3.360019e-02 -2.957213e-03
732.52239990 9.168200e-02 -3.405509e-03
732.90692139 3.125661e-02 -2.936415e-03
732.97637939 9.058068e-02 -3.393540e-03
734.19964600 9.886002e-02 -3.386183e-03
734.34130859 6.101635e-02 -3.163492e-03
734.92230225 9.848811e-02 -3.370123e-03
735.13354492 4.277568e-02 -3.005214e-03
735.56463623 1.014674e-01 -3.362305e-03
735.66076660 6.181837e-02 -3.124815e-03
736.30212402 5.204835e-02 -3.048775e-03
736.47125244 1.019210e-01 -3.343819e-03
737.00988770 1.055802e-01 -3.337245e-03
737.56878662 6.244159e-02 -3.092129e-03
737.86828613 1.090430e-01 -3.325684e-03
738.46716309 7.992774e-02 -3.184705e-03
738.90307617 1.125400e-01 -3.308284e-03
739.22052002 6.929640e-02 -3.123593e-03
739.51593018 1.100911e-01 -3.291686e-03
740.29473877 1.154571e-01 -3.286792e-03
741.30285645 1.159502e-01 -3.265667e-03
742.65533447 1.213138e-01 -3.246045e-03
743.48590088 1.226197e-01 -3.231331e-03
744.31976318 1.253269e-01 -3.219148e-03
745.14764404 1.285539e-01 -3.203867e-03
745.64013672 1.290899e-01 -3.196679e-03
746.46075439 1.317484e-01 -3.182469e-03
747.60083008 1.336106e-01 -3.164687e-03
748.12738037 1.349778e-01 -3.156263e-03
748.78088379 1.364233e-01 -3.145596e-03
749.73541260 1.384694e-01 -3.130411e-03
750.44244385 1.393775e-01 -3.119362e-03
751.35174561 1.405697e-01 -3.105206e-03
752.46624756 1.419034e-01 -3.087693e-03
753.06353760 1.426043e-01 -3.078441e-03
753.95739746 1.435107e-01 -3.064741e-03
754.89141846 1.444502e-01 -3.050526e-03
755.59967041 1.451625e-01 -3.039603e-03
756.31304932 1.462748e-01 -3.028420e-03
757.75866699 1.478964e-01 -3.006254e-03
758.24786377 1.484190e-01 -2.998824e-03
759.24206543 1.472220e-01 -2.977085e-03
759.56860352 6.130236e-02 -2.480131e-03
759.69464111 5.115542e-02 -2.359429e-03
759.71966553 8.301516e-03 -1.661297e-03
759.94738770 2.954151e-04 -2.789037e-04
760.16223145 3.126964e-02 -1.956318e-03
760.27838135 1.187572e-03 -9.610256e-04
760.74285889 2.756936e-03 -1.141176e-03
761.05810547 1.830984e-02 -1.656651e-03
761.24121094 5.767393e-04 -5.437449e-04
761.44134521 1.638269e-03 -9.441010e-04
761.78814697 5.481731e-02 -2.189874e-03
762.13958740 1.343025e-01 -2.856209e-03
762.58258057 2.824803e-02 -1.791272e-03
762.77612305 9.322268e-02 -2.559091e-03
763.01007080 9.045677e-04 -8.068802e-04
763.43505859 3.580456e-04 -3.379378e-04
763.46228027 7.782408e-03 -1.377376e-03
763.52886963 7.994399e-02 -2.440186e-03
763.92724609 3.159661e-02 -1.702966e-03
764.23687744 1.840842e-02 -1.678665e-03
764.38592529 1.008601e-01 -2.616280e-03
764.62036133 5.485116e-04 -5.172198e-04
764.99444580 1.250867e-01 -2.773994e-03
765.10766602 4.014306e-04 -3.788083e-04
765.16870117 3.493559e-02 -1.932407e-03
765.90026855 1.361825e-01 -2.819435e-03
766.13220215 1.177187e-02 -1.619753e-03
766.64990234 1.282721e-01 -2.781177e-03
766.78814697 4.190648e-02 -2.124132e-03
767.14080811 1.445955e-01 -2.837697e-03
767.48059082 1.499869e-01 -2.851179e-03
767.79162598 1.506800e-01 -2.848660e-03
767.85845947 5.168347e-02 -2.253111e-03
769.10638428 1.483835e-01 -2.825733e-03
769.34661865 1.538551e-01 -2.831582e-03
769.79113770 9.700435e-02 -2.591230e-03
770.15496826 1.535589e-01 -2.819233e-03
771.26251221 1.553703e-01 -2.804492e-03
772.73303223 1.558352e-01 -2.783131e-03
773.56848145 1.559998e-01 -2.771056e-03
774.23571777 1.560362e-01 -2.761638e-03
774.75390625 1.562403e-01 -2.754089e-03
775.75323486 1.565030e-01 -2.739839e-03
777.07781982 1.568528e-01 -2.721158e-03
777.92468262 1.570681e-01 -2.709287e-03
778.93524170 1.572842e-01 -2.695223e-03
779.77960205 1.574649e-01 -2.683546e-03
780.44946289 1.574706e-01 -2.674692e-03
781.35815430 1.576310e-01 -2.662564e-03
782.67742920 1.575507e-01 -2.645524e-03
783.40600586 1.577453e-01 -2.635840e-03
784.21234131 1.568598e-01 -2.626810e-03
785.02758789 1.563848e-01 -2.616553e-03
785.80175781 1.537644e-01 -2.606683e-03
787.18927002 1.504579e-01 -2.593606e-03
787.46014404 1.557712e-01 -2.586981e-03
787.89111328 9.939794e-02 -2.482647e-03
788.72283936 1.008847e-01 -2.471150e-03
789.07885742 1.548843e-01 -2.566581e-03
789.61657715 1.529818e-01 -2.561943e-03
789.76165771 7.098742e-02 -2.346748e-03
790.29309082 7.535535e-02 -2.343001e-03
791.03173828 1.533162e-01 -2.543901e-03
791.84710693 1.538548e-01 -2.533840e-03
791.96997070 8.333081e-02 -2.365830e-03
792.58605957 1.553412e-01 -2.523639e-03
792.64630127 6.033723e-02 -2.247247e-03
793.31695557 1.573725e-01 -2.513134e-03
793.40142822 1.062669e-01 -2.430567e-03
794.77911377 1.573860e-01 -2.495446e-03
795.62487793 1.514909e-01 -2.488428e-03
796.37622070 6.651917e-02 -2.230305e-03
796.69152832 1.509572e-01 -2.476272e-03
797.01879883 9.389049e-02 -2.348336e-03
797.60668945 1.551679e-01 -2.463374e-03
798.26129150 1.031539e-01 -2.355767e-03
798.51751709 1.557751e-01 -2.452309e-03
798.93188477 1.504970e-01 -2.447038e-03
