2075.11938477 1.701721e-02 -7.717548e-03
2075.12353516 1.028752e-02 -4.665746e-03
2075.12792969 1.891429e-02 -8.577792e-03
2075.13232422 2.433000e-02 -1.103351e-02
2075.13647461 2.882423e-02 -1.307142e-02
2075.14086914 3.270835e-02 -1.483275e-02
2075.14526367 3.600522e-02 -1.632786e-02
2075.14965820 3.875510e-02 -1.757496e-02
2075.15380859 4.102337e-02 -1.860367e-02
2075.15820312 4.288416e-02 -1.944761e-02
2075.16259766 4.440847e-02 -2.013895e-02
2075.16674805 4.565842e-02 -2.070586e-02
2075.17114258 4.668538e-02 -2.117164e-02
2075.17553711 4.752979e-02 -2.155462e-02
2075.17968750 4.821972e-02 -2.186755e-02
2075.18408203 4.874712e-02 -2.210675e-02
2075.18847656 4.929157e-02 -2.235368e-02
2075.19262695 4.976936e-02 -2.257038e-02
2075.19702148 5.015684e-02 -2.274612e-02
2075.20141602 5.048249e-02 -2.289381e-02
2075.20556641 5.075835e-02 -2.301892e-02
2075.20996094 5.099256e-02 -2.312515e-02
2075.21435547 5.119113e-02 -2.321520e-02
2075.21850586 5.135870e-02 -2.329121e-02
2075.22290039 5.149836e-02 -2.335455e-02
2075.22729492 5.161346e-02 -2.340675e-02
2075.23144531 5.171851e-02 -2.345439e-02
2075.23583984 5.179689e-02 -2.348994e-02
2075.24023438 5.185025e-02 -2.351414e-02
2075.24462891 5.187573e-02 -2.352570e-02
2075.24877930 5.186866e-02 -2.352250e-02
2075.25317383 5.182143e-02 -2.350108e-02
2075.25756836 5.171892e-02 -2.345460e-02
2075.26171875 5.145925e-02 -2.333685e-02
2075.26611328 5.136443e-02 -2.329385e-02
2075.27050781 5.175416e-02 -2.347057e-02
2075.27465820 5.191611e-02 -2.354401e-02
2075.27905273 5.200809e-02 -2.358570e-02
2075.28344727 5.204335e-02 -2.360168e-02
2075.28759766 5.202423e-02 -2.359299e-02
2075.29199219 5.195551e-02 -2.356181e-02
2075.29638672 5.186464e-02 -2.352058e-02
2075.30053711 5.181852e-02 -2.349966e-02
2075.30493164 5.187072e-02 -2.352333e-02
2075.30932617 5.199338e-02 -2.357897e-02
2075.31347656 5.212388e-02 -2.363817e-02
2075.31787109 5.222539e-02 -2.368422e-02
2075.32226562 5.228918e-02 -2.371316e-02
2075.32666016 5.231790e-02 -2.372620e-02
2075.33081055 5.231529e-02 -2.372502e-02
2075.33520508 5.228253e-02 -2.371017e-02
2075.33959961 5.221646e-02 -2.368022e-02
2075.34375000 5.210574e-02 -2.363001e-02
2075.34814453 5.190444e-02 -2.353873e-02
2075.35253906 5.155843e-02 -2.338182e-02
2075.35668945 5.178090e-02 -2.348270e-02
2075.36108398 5.179554e-02 -2.348934e-02
2075.36547852 5.172724e-02 -2.345837e-02
2075.36962891 5.161657e-02 -2.340818e-02
2075.37402344 5.144481e-02 -2.333029e-02
2075.37841797 5.137645e-02 -2.329929e-02
2075.38256836 5.158344e-02 -2.339315e-02
2075.38696289 5.169785e-02 -2.344503e-02
2075.39135742 5.179020e-02 -2.348690e-02
2075.39575195 5.185503e-02 -2.351630e-02
2075.39990234 5.189205e-02 -2.353309e-02
2075.40429688 5.190372e-02 -2.353838e-02
2075.40869141 5.189303e-02 -2.353353e-02
2075.41284180 5.186254e-02 -2.351970e-02
2075.41723633 5.181403e-02 -2.349770e-02
2075.42163086 5.174853e-02 -2.346799e-02
2075.42578125 5.166631e-02 -2.343071e-02
2075.43017578 5.156700e-02 -2.338567e-02
2075.43457031 5.144953e-02 -2.333239e-02
2075.43872070 5.131217e-02 -2.327009e-02
2075.44311523 5.115243e-02 -2.319764e-02
2075.44750977 5.096688e-02 -2.311349e-02
2075.45166016 5.075100e-02 -2.301558e-02
2075.45605469 5.049876e-02 -2.290118e-02
2075.46044922 5.020224e-02 -2.276670e-02
2075.46484375 4.985094e-02 -2.260737e-02
2075.46899414 4.943074e-02 -2.241680e-02
2075.47338867 4.892146e-02 -2.218582e-02
2075.47778320 4.828104e-02 -2.189538e-02
2075.48193359 4.726926e-02 -2.143652e-02
2075.48632812 4.703361e-02 -2.132962e-02
2075.49072266 4.666039e-02 -2.116032e-02
2075.49487305 4.600869e-02 -2.086472e-02
2075.49926758 4.513724e-02 -2.046946e-02
2075.50366211 4.402600e-02 -1.996545e-02
2075.50781250 4.263479e-02 -1.933448e-02
2075.51220703 4.091737e-02 -1.855557e-02
2075.51660156 3.880538e-02 -1.759773e-02
2075.52075195 3.622709e-02 -1.642845e-02
2075.52514648 3.311680e-02 -1.501796e-02
2075.52954102 2.942474e-02 -1.334372e-02
2075.53393555 2.509963e-02 -1.138250e-02
2075.53808594 1.968405e-02 -8.926830e-03
2075.54248047 1.134615e-02 -5.145781e-03
2075.54687500 1.901244e-02 -8.622278e-03
2075.55102539 2.459631e-02 -1.115425e-02
2075.55541992 2.892764e-02 -1.311829e-02
2075.55981445 3.261775e-02 -1.479162e-02
2075.56396484 3.572665e-02 -1.620146e-02
2075.56835938 3.830414e-02 -1.737037e-02
2075.57275391 4.041676e-02 -1.832848e-02
2075.57690430 4.213688e-02 -1.910861e-02
2075.58129883 4.353306e-02 -1.974183e-02
2075.58569336 4.466523e-02 -2.025532e-02
2075.59008789 4.558332e-02 -2.067172e-02
2075.59423828 4.632774e-02 -2.100935e-02
2075.59863281 4.693066e-02 -2.128281e-02
2075.60302734 4.741742e-02 -2.150359e-02
2075.60717773 4.780788e-02 -2.168068e-02
2075.61157227 4.811751e-02 -2.182111e-02
2075.61596680 4.835828e-02 -2.193031e-02
2075.62011719 4.853944e-02 -2.201248e-02
2075.62451172 4.866796e-02 -2.207076e-02
2075.62890625 4.874900e-02 -2.210752e-02
2075.63305664 4.878618e-02 -2.212438e-02
2075.63745117 4.878178e-02 -2.212238e-02
2075.64184570 4.873688e-02 -2.210201e-02
2075.64599609 4.865140e-02 -2.206324e-02
2075.65039062 4.852412e-02 -2.200551e-02
2075.65478516 4.835263e-02 -2.192772e-02
2075.65917969 4.813315e-02 -2.182817e-02
2075.66333008 4.786034e-02 -2.170443e-02
2075.66772461 4.752679e-02 -2.155314e-02
2075.67211914 4.712196e-02 -2.136952e-02
2075.67626953 4.662914e-02 -2.114600e-02
2075.68066406 4.601089e-02 -2.086559e-02
2075.68505859 4.510456e-02 -2.045453e-02
2075.68920898 4.466012e-02 -2.025292e-02
2075.69360352 4.404134e-02 -1.997224e-02
2075.69799805 4.314459e-02 -1.956550e-02
2075.70214844 4.180239e-02 -1.895675e-02
2075.70654297 4.096905e-02 -1.857873e-02
2075.71093750 3.995613e-02 -1.811926e-02
2075.71533203 3.851941e-02 -1.746759e-02
2075.71948242 3.670777e-02 -1.664591e-02
2075.72387695 3.449197e-02 -1.564096e-02
2075.72827148 3.184242e-02 -1.443936e-02
2075.73242188 2.874512e-02 -1.303477e-02
2075.73681641 2.521009e-02 -1.143180e-02
2075.74121094 2.124983e-02 -9.636116e-03
2075.74536133 1.670360e-02 -7.574813e-03
2075.74975586 9.332533e-03 -4.232454e-03
2075.75415039 1.245207e-02 -5.647049e-03
2075.75830078 1.835771e-02 -8.324805e-03
2075.76269531 2.246673e-02 -1.018787e-02
2075.76708984 2.595542e-02 -1.176973e-02
2075.77148438 2.885643e-02 -1.308519e-02
2075.77563477 3.117403e-02 -1.413614e-02
2075.78002930 3.293987e-02 -1.493692e-02
2075.78442383 3.419967e-02 -1.550823e-02
2075.78857422 3.501602e-02 -1.587845e-02
2075.79296875 3.552531e-02 -1.610940e-02
2075.79736328 3.569254e-02 -1.618523e-02
2075.80151367 3.556417e-02 -1.612699e-02
2075.80590820 3.514171e-02 -1.593537e-02
2075.81030273 3.440546e-02 -1.560145e-02
2075.81445312 3.332836e-02 -1.511292e-02
2075.81884766 3.188041e-02 -1.445622e-02
2075.82324219 3.002965e-02 -1.361683e-02
2075.82763672 2.774452e-02 -1.258048e-02
2075.83178711 2.500119e-02 -1.133636e-02
2075.83618164 2.179817e-02 -9.883861e-03
2075.84057617 1.818051e-02 -8.243446e-03
2075.84472656 1.427229e-02 -6.471442e-03
2075.84912109 1.030722e-02 -4.673862e-03
2075.85351562 6.628610e-03 -3.006340e-03
2075.85766602 3.611549e-03 -1.638794e-03
2075.86206055 1.477918e-03 -6.715263e-04
2075.86645508 1.717141e-04 -7.842738e-05
2075.87084961 6.910695e-04 -3.144943e-04
2075.87500000 2.474916e-03 -1.123564e-03
2075.87939453 5.093936e-03 -2.310722e-03
2075.88378906 8.537827e-03 -3.871788e-03
2075.88793945 1.247519e-02 -5.656725e-03
2075.89233398 1.652663e-02 -7.493596e-03
2075.89672852 2.039448e-02 -9.247413e-03
2075.90087891 2.389862e-02 -1.083645e-02
2075.90527344 2.694926e-02 -1.221994e-02
2075.90966797 2.947868e-02 -1.336712e-02
2075.91381836 3.196167e-02 -1.449326e-02
2075.91821289 3.395053e-02 -1.539533e-02
2075.92260742 3.552310e-02 -1.610863e-02
2075.92700195 3.651299e-02 -1.655769e-02
2075.93115234 3.815710e-02 -1.730339e-02
2075.93554688 3.979131e-02 -1.804458e-02
2075.93994141 4.118306e-02 -1.867582e-02
2075.94409180 4.237075e-02 -1.921451e-02
2075.94848633 4.339850e-02 -1.968067e-02
2075.95288086 4.428526e-02 -2.008288e-02
2075.95703125 4.505035e-02 -2.042991e-02
2075.96142578 4.571180e-02 -2.072993e-02
2075.96582031 4.628523e-02 -2.099003e-02
2075.97021484 4.678367e-02 -2.121611e-02
2075.97436523 4.721768e-02 -2.141297e-02
2075.97875977 4.759572e-02 -2.158444e-02
2075.98315430 4.792445e-02 -2.173354e-02
2075.98730469 4.820894e-02 -2.186258e-02
2075.99169922 4.845284e-02 -2.197321e-02
2075.99609375 4.865835e-02 -2.206643e-02
2076.00024414 4.882606e-02 -2.214250e-02
2076.00463867 4.895432e-02 -2.220068e-02
2076.00903320 4.903763e-02 -2.223848e-02
2076.01318359 4.906130e-02 -2.224922e-02
2076.01757812 4.896935e-02 -2.220754e-02
2076.02197266 4.865270e-02 -2.206395e-02
2076.02636719 4.915556e-02 -2.229200e-02
2076.03051758 4.939957e-02 -2.240265e-02
2076.03491211 4.953924e-02 -2.246599e-02
2076.03930664 4.962476e-02 -2.250477e-02
2076.04345703 4.967066e-02 -2.252559e-02
2076.04785156 4.968320e-02 -2.253127e-02
2076.05224609 4.966513e-02 -2.252308e-02
2076.05639648 4.961723e-02 -2.250135e-02
2076.06079102 4.953883e-02 -2.246579e-02
2076.06518555 4.942805e-02 -2.241554e-02
2076.06958008 4.928181e-02 -2.234922e-02
2076.07373047 4.909577e-02 -2.226484e-02
2076.07812500 4.886403e-02 -2.215973e-02
2076.08251953 4.857865e-02 -2.203030e-02
2076.08666992 4.822851e-02 -2.187149e-02
2076.09106445 4.779077e-02 -2.167296e-02
2076.09545898 4.728680e-02 -2.144438e-02
2076.09960938 4.671594e-02 -2.118546e-02
2076.10400391 4.599599e-02 -2.085893e-02
2076.10839844 4.511148e-02 -2.045776e-02
2076.11279297 4.402694e-02 -1.996587e-02
2076.11694336 4.269630e-02 -1.936238e-02
2076.12133789 4.106307e-02 -1.862166e-02
2076.12573242 3.906123e-02 -1.771378e-02
2076.12988281 3.661869e-02 -1.660608e-02
2076.13427734 3.366478e-02 -1.526651e-02
2076.13867188 3.013942e-02 -1.366787e-02
2076.14282227 2.597421e-02 -1.177914e-02
2076.14721680 2.074715e-02 -9.408951e-03
2076.15161133 1.207831e-02 -5.477826e-03
2076.15600586 1.917809e-02 -8.697449e-03
2076.16015625 2.498989e-02 -1.133281e-02
2076.16455078 2.933262e-02 -1.330202e-02
2076.16894531 3.300810e-02 -1.496873e-02
2076.17309570 3.610130e-02 -1.637145e-02
2076.17749023 3.867004e-02 -1.753638e-02
2076.18188477 4.078335e-02 -1.849480e-02
2076.18603516 4.251393e-02 -1.927967e-02
2076.19042969 4.392978e-02 -1.992181e-02
2076.19482422 4.509003e-02 -2.044803e-02
2076.19921875 4.604385e-02 -2.088064e-02
2076.20336914 4.683107e-02 -2.123768e-02
2076.20776367 4.748347e-02 -2.153358e-02
2076.21215820 4.802619e-02 -2.177973e-02
2076.21630859 4.847910e-02 -2.198514e-02
2076.22070312 4.885783e-02 -2.215692e-02
2076.22509766 4.917477e-02 -2.230067e-02
2076.22924805 4.943968e-02 -2.242081e-02
2076.23364258 4.966030e-02 -2.252088e-02
2076.23803711 4.984276e-02 -2.260363e-02
2076.24243164 4.999191e-02 -2.267128e-02
2076.24658203 5.011154e-02 -2.272553e-02
2076.25097656 5.020460e-02 -2.276774e-02
2076.25537109 5.027332e-02 -2.279891e-02
2076.25952148 5.031933e-02 -2.281978e-02
2076.26391602 5.034371e-02 -2.283083e-02
2076.26831055 5.034706e-02 -2.283235e-02
2076.27246094 5.032952e-02 -2.282440e-02
2076.27685547 5.029077e-02 -2.280682e-02
2076.28125000 5.023001e-02 -2.277926e-02
2076.28564453 5.014595e-02 -2.274114e-02
2076.28979492 5.003676e-02 -2.269161e-02
2076.29418945 4.989999e-02 -2.262958e-02
2076.29858398 4.973257e-02 -2.255365e-02
2076.30273438 4.953064e-02 -2.246206e-02
2076.30712891 4.928777e-02 -2.235191e-02
2076.31152344 4.900760e-02 -2.222484e-02
2076.31567383 4.867254e-02 -2.207287e-02
2076.32006836 4.827346e-02 -2.189186e-02
2076.32446289 4.779757e-02 -2.167602e-02
2076.32885742 4.722874e-02 -2.141803e-02
2076.33300781 4.654656e-02 -2.110863e-02
2076.33740234 4.572507e-02 -2.073604e-02
2076.34179688 4.473099e-02 -2.028518e-02
2076.34594727 4.352142e-02 -1.973659e-02
2076.35034180 4.203932e-02 -1.906440e-02
2076.35473633 4.019516e-02 -1.822803e-02
2076.35913086 3.776727e-02 -1.712695e-02
2076.36328125 3.561384e-02 -1.615034e-02
2076.36767578 3.283036e-02 -1.488806e-02
2076.37207031 2.938252e-02 -1.332457e-02
2076.37622070 2.527153e-02 -1.146043e-02
2076.38061523 2.010085e-02 -9.115813e-03
2076.38500977 1.199951e-02 -5.442077e-03
2076.38916016 1.719809e-02 -7.799531e-03
2076.39355469 2.324714e-02 -1.054246e-02
2076.39794922 2.745581e-02 -1.245085e-02
2076.40234375 3.091888e-02 -1.402120e-02
2076.40649414 3.375283e-02 -1.530633e-02
2076.41088867 3.593788e-02 -1.629726e-02
2076.41528320 3.745364e-02 -1.698470e-02
2076.41943359 3.766823e-02 -1.708211e-02
2076.42382812 4.003028e-02 -1.815332e-02
2076.42822266 4.203205e-02 -1.906113e-02
2076.43237305 4.348051e-02 -1.971803e-02
2076.43676758 4.464234e-02 -2.024495e-02
2076.44116211 4.558346e-02 -2.067177e-02
2076.44555664 4.634634e-02 -2.101777e-02
2076.44970703 4.696320e-02 -2.129753e-02
2076.45410156 4.745885e-02 -2.152233e-02
2076.45849609 4.785205e-02 -2.170066e-02
2076.46264648 4.815645e-02 -2.183871e-02
2076.46704102 4.838139e-02 -2.194073e-02
2076.47143555 4.853256e-02 -2.200929e-02
2076.47583008 4.861293e-02 -2.204574e-02
2076.47998047 4.862444e-02 -2.205096e-02
2076.48437500 4.857111e-02 -2.202678e-02
2076.48876953 4.846303e-02 -2.197777e-02
2076.49291992 4.822956e-02 -2.187190e-02
2076.49731445 4.823472e-02 -2.187423e-02
2076.50170898 4.861119e-02 -2.204495e-02
2076.50585938 4.884136e-02 -2.214932e-02
2076.51025391 4.902857e-02 -2.223422e-02
2076.51464844 4.916641e-02 -2.229672e-02
2076.51904297 4.926184e-02 -2.233999e-02
2076.52319336 4.931279e-02 -2.236308e-02
2076.52758789 4.932540e-02 -2.236879e-02
2076.53198242 4.930398e-02 -2.235906e-02
2076.53613281 4.925179e-02 -2.233538e-02
2076.54052734 4.917107e-02 -2.229876e-02
2076.54492188 4.906308e-02 -2.224977e-02
2076.54931641 4.892825e-02 -2.218860e-02
2076.55346680 4.876621e-02 -2.211509e-02
2076.55786133 4.857590e-02 -2.202875e-02
2076.56225586 4.835552e-02 -2.192877e-02
2076.56640625 4.810251e-02 -2.181399e-02
2076.57080078 4.781344e-02 -2.168285e-02
2076.57519531 4.748381e-02 -2.153332e-02
2076.57934570 4.710786e-02 -2.136277e-02
2076.58374023 4.667809e-02 -2.116781e-02
2076.58813477 4.618479e-02 -2.094403e-02
2076.59252930 4.561522e-02 -2.068565e-02
2076.59667969 4.495235e-02 -2.038495e-02
2076.60107422 4.417219e-02 -2.003106e-02
2076.60546875 4.323334e-02 -1.960519e-02
2076.60961914 4.193781e-02 -1.901757e-02
2076.61401367 4.076452e-02 -1.848536e-02
2076.61840820 4.066711e-02 -1.844097e-02
2076.62280273 3.995110e-02 -1.811606e-02
2076.62695312 3.897034e-02 -1.767106e-02
2076.63134766 3.775429e-02 -1.711934e-02
2076.63574219 3.630043e-02 -1.645975e-02
2076.63989258 3.459499e-02 -1.568605e-02
2076.64428711 3.261818e-02 -1.478928e-02
2076.64868164 3.034834e-02 -1.375961e-02
2076.65307617 2.776733e-02 -1.258885e-02
2076.65722656 2.486885e-02 -1.127418e-02
2076.66162109 2.167113e-02 -9.823917e-03
2076.66601562 1.823289e-02 -8.264754e-03
2076.67016602 1.467287e-02 -6.650625e-03
2076.67456055 1.118227e-02 -5.068276e-03
2076.67895508 8.008378e-03 -3.629834e-03
2076.68310547 5.378776e-03 -2.438369e-03
2076.68750000 3.375341e-03 -1.530810e-03
2076.69189453 1.900969e-03 -8.629115e-04
2076.69628906 6.013582e-04 -2.735286e-04
2076.70043945 6.576923e-04 -2.990655e-04
2076.70483398 2.353244e-03 -1.067888e-03
2076.70922852 4.518001e-03 -2.048751e-03
2076.71337891 7.295288e-03 -3.307248e-03
2076.71777344 1.045323e-02 -4.738499e-03
2076.72216797 1.368408e-02 -6.203077e-03
2076.72656250 1.671478e-02 -7.577158e-03
2076.73071289 1.934755e-02 -8.771003e-03
2076.73510742 2.145646e-02 -9.727438e-03
2076.73950195 2.296300e-02 -1.041081e-02
2076.74365234 2.376980e-02 -1.077692e-02
2076.74804688 2.416463e-02 -1.095622e-02
2076.75244141 2.377793e-02 -1.078117e-02
2076.75683594 2.261551e-02 -1.025440e-02
2076.76098633 2.060123e-02 -9.341388e-03
2076.76538086 1.717451e-02 -7.787923e-03
2076.76977539 1.141829e-02 -5.177963e-03
2076.77392578 1.870782e-02 -8.483362e-03
2076.77832031 2.342008e-02 -1.062003e-02
2076.78271484 2.722158e-02 -1.234380e-02
2076.78686523 3.052356e-02 -1.384115e-02
2076.79125977 3.337776e-02 -1.513551e-02
2076.79565430 3.582184e-02 -1.624394e-02
2076.80004883 3.790254e-02 -1.718762e-02
2076.80419922 3.967055e-02 -1.798951e-02
2076.80859375 4.117469e-02 -1.867174e-02
2076.81298828 4.245864e-02 -1.925411e-02
2076.81713867 4.355978e-02 -1.975357e-02
2076.82153320 4.450927e-02 -2.018424e-02
2076.82592773 4.533268e-02 -2.055774e-02
2076.83032227 4.605082e-02 -2.088348e-02
2076.83447266 4.668046e-02 -2.116908e-02
2076.83886719 4.723477e-02 -2.142052e-02
2076.84326172 4.772741e-02 -2.164398e-02
